[debug] [2021-07-11T20:29:37.397Z] ----------------------------------------------------------------------
[debug] [2021-07-11T20:29:37.399Z] Command:       C:\Program Files\nodejs\node.exe C:\Users\levant\AppData\Roaming\npm\node_modules\firebase-tools\lib\bin\firebase.js init
[debug] [2021-07-11T20:29:37.399Z] CLI Version:   9.16.0
[debug] [2021-07-11T20:29:37.399Z] Platform:      win32
[debug] [2021-07-11T20:29:37.399Z] Node Version:  v14.1.0
[debug] [2021-07-11T20:29:37.401Z] Time:          Sun Jul 11 2021 23:29:37 GMT+0300 (שעון ישראל (קיץ))
[debug] [2021-07-11T20:29:37.401Z] ----------------------------------------------------------------------
[debug] 
[debug] [2021-07-11T20:29:37.408Z] > command requires scopes: ["email","openid","https://www.googleapis.com/auth/cloudplatformprojects.readonly","https://www.googleapis.com/auth/firebase","https://www.googleapis.com/auth/cloud-platform"]
[debug] [2021-07-11T20:29:37.408Z] > authorizing via signed-in user (avilevant@gmail.com)
[info] 
     ######## #### ########  ######## ########     ###     ######  ########
     ##        ##  ##     ## ##       ##     ##  ##   ##  ##       ##
     ######    ##  ########  ######   ########  #########  ######  ######
     ##        ##  ##    ##  ##       ##     ## ##     ##       ## ##
     ##       #### ##     ## ######## ########  ##     ##  ######  ########

You're about to initialize a Firebase project in this directory:

  C:\Users\levant\Desktop\devProjects\avi-weather-app

[info] 
=== Project Setup
[info] 
[info] First, let's associate this project directory with a Firebase project.
[info] You can create multiple project aliases by running firebase use --add, 
[info] but for now we'll just set up a default project.
[info] 
[debug] [2021-07-11T20:29:52.590Z] > refreshing access token with scopes: []
[debug] [2021-07-11T20:29:52.591Z] >>> HTTP REQUEST POST https://www.googleapis.com/oauth2/v3/token  
 <request body omitted>
[debug] [2021-07-11T20:29:52.887Z] <<< HTTP RESPONSE 200 {"cache-control":"no-cache, no-store, max-age=0, must-revalidate","pragma":"no-cache","expires":"Mon, 01 Jan 1990 00:00:00 GMT","date":"Sun, 11 Jul 2021 20:29:53 GMT","content-type":"application/json; charset=utf-8","vary":"X-Origin, Referer, Origin,Accept-Encoding","server":"scaffolding on HTTPServer2","x-xss-protection":"0","x-frame-options":"SAMEORIGIN","x-content-type-options":"nosniff","alt-svc":"h3=\":443\"; ma=2592000,h3-29=\":443\"; ma=2592000,h3-T051=\":443\"; ma=2592000,h3-Q050=\":443\"; ma=2592000,h3-Q046=\":443\"; ma=2592000,h3-Q043=\":443\"; ma=2592000,quic=\":443\"; ma=2592000; v=\"46,43\"","accept-ranges":"none","transfer-encoding":"chunked"}
[debug] [2021-07-11T20:29:52.911Z] >>> [apiv2][query] GET https://firebase.googleapis.com/v1beta1/projects pageSize=100
[debug] [2021-07-11T20:29:53.340Z] <<< [apiv2][status] GET https://firebase.googleapis.com/v1beta1/projects 200
[debug] [2021-07-11T20:29:53.340Z] <<< [apiv2][body] GET https://firebase.googleapis.com/v1beta1/projects [omitted]
[debug] [2021-07-11T20:31:15.902Z] ----------------------------------------------------------------------
[debug] [2021-07-11T20:31:15.904Z] Command:       C:\Program Files\nodejs\node.exe C:\Users\levant\AppData\Roaming\npm\node_modules\firebase-tools\lib\bin\firebase.js init
[debug] [2021-07-11T20:31:15.905Z] CLI Version:   9.16.0
[debug] [2021-07-11T20:31:15.905Z] Platform:      win32
[debug] [2021-07-11T20:31:15.905Z] Node Version:  v14.1.0
[debug] [2021-07-11T20:31:15.906Z] Time:          Sun Jul 11 2021 23:31:15 GMT+0300 (שעון ישראל (קיץ))
[debug] [2021-07-11T20:31:15.907Z] ----------------------------------------------------------------------
[debug] 
[debug] [2021-07-11T20:31:15.913Z] > command requires scopes: ["email","openid","https://www.googleapis.com/auth/cloudplatformprojects.readonly","https://www.googleapis.com/auth/firebase","https://www.googleapis.com/auth/cloud-platform"]
[debug] [2021-07-11T20:31:15.913Z] > authorizing via signed-in user (avilevant@gmail.com)
[info] 
     ######## #### ########  ######## ########     ###     ######  ########
     ##        ##  ##     ## ##       ##     ##  ##   ##  ##       ##
     ######    ##  ########  ######   ########  #########  ######  ######
     ##        ##  ##    ##  ##       ##     ## ##     ##       ## ##
     ##       #### ##     ## ######## ########  ##     ##  ######  ########

You're about to initialize a Firebase project in this directory:

  C:\Users\levant\Desktop\devProjects\avi-weather-app

[info] 
=== Project Setup
[info] 
[info] First, let's associate this project directory with a Firebase project.
[info] You can create multiple project aliases by running firebase use --add, 
[info] but for now we'll just set up a default project.
[info] 
[debug] [2021-07-11T20:31:34.275Z] >>> [apiv2][query] GET https://firebase.googleapis.com/v1beta1/projects pageSize=100
[debug] [2021-07-11T20:31:34.693Z] <<< [apiv2][status] GET https://firebase.googleapis.com/v1beta1/projects 200
[debug] [2021-07-11T20:31:34.693Z] <<< [apiv2][body] GET https://firebase.googleapis.com/v1beta1/projects [omitted]
